win-android-map/build/outputs/logs/manifest-merger-debug-report.txt
-- Merging decision tree log ---
manifest
ADDED from edcollection/win-android-map/AndroidManifest.xml:2:1-71:12
INJECTED from edcollection/win-android-map/AndroidManifest.xml:2:1-71:12
INJECTED from edcollection/win-android-map/AndroidManifest.xml:2:1-71:12
INJECTED from edcollection/win-android-map/AndroidManifest.xml:2:1-71:12
INJECTED from edcollection/win-android-map/AndroidManifest.xml:2:1-71:12
INJECTED from edcollection/win-android-map/AndroidManifest.xml:2:1-71:12
INJECTED from edcollection/win-android-map/AndroidManifest.xml:2:1-71:12
	package
		ADDED from edcollection/win-android-map/AndroidManifest.xml:3:5-37
		INJECTED from edcollection/win-android-map/AndroidManifest.xml
		INJECTED from edcollection/win-android-map/AndroidManifest.xml
	android:versionName
		ADDED from edcollection/win-android-map/AndroidManifest.xml:5:5-30
		INJECTED from edcollection/win-android-map/AndroidManifest.xml
		INJECTED from edcollection/win-android-map/AndroidManifest.xml
	xmlns:android
		ADDED from edcollection/win-android-map/AndroidManifest.xml:2:11-69
	android:versionCode
		ADDED from edcollection/win-android-map/AndroidManifest.xml:4:5-28
		INJECTED from edcollection/win-android-map/AndroidManifest.xml
		INJECTED from edcollection/win-android-map/AndroidManifest.xml
uses-sdk
ADDED from edcollection/win-android-map/AndroidManifest.xml:7:5-9:41
	android:targetSdkVersion
		ADDED from edcollection/win-android-map/AndroidManifest.xml:9:9-38
	android:minSdkVersion
		ADDED from edcollection/win-android-map/AndroidManifest.xml:8:9-35
uses-permission#android.permission.ACCESS_COARSE_LOCATION
ADDED from edcollection/win-android-map/AndroidManifest.xml:11:5-12:23
	android:name
		ADDED from edcollection/win-android-map/AndroidManifest.xml:11:22-78
uses-permission#android.permission.ACCESS_FINE_LOCATION
ADDED from edcollection/win-android-map/AndroidManifest.xml:14:5-15:23
	android:name
		ADDED from edcollection/win-android-map/AndroidManifest.xml:14:22-76
uses-permission#android.permission.ACCESS_WIFI_STATE
ADDED from edcollection/win-android-map/AndroidManifest.xml:17:5-18:23
	android:name
		ADDED from edcollection/win-android-map/AndroidManifest.xml:17:22-73
uses-permission#android.permission.ACCESS_NETWORK_STATE
ADDED from edcollection/win-android-map/AndroidManifest.xml:20:5-21:23
	android:name
		ADDED from edcollection/win-android-map/AndroidManifest.xml:20:22-76
uses-permission#android.permission.CHANGE_WIFI_STATE
ADDED from edcollection/win-android-map/AndroidManifest.xml:23:5-24:23
	android:name
		ADDED from edcollection/win-android-map/AndroidManifest.xml:23:22-73
uses-permission#android.permission.READ_PHONE_STATE
ADDED from edcollection/win-android-map/AndroidManifest.xml:26:5-27:23
	android:name
		ADDED from edcollection/win-android-map/AndroidManifest.xml:26:22-72
uses-permission#android.permission.WRITE_EXTERNAL_STORAGE
ADDED from edcollection/win-android-map/AndroidManifest.xml:29:5-30:23
	android:name
		ADDED from edcollection/win-android-map/AndroidManifest.xml:29:22-78
uses-permission#android.permission.INTERNET
ADDED from edcollection/win-android-map/AndroidManifest.xml:32:5-67
	android:name
		ADDED from edcollection/win-android-map/AndroidManifest.xml:32:22-64
uses-permission#android.permission.MOUNT_UNMOUNT_FILESYSTEMS
ADDED from edcollection/win-android-map/AndroidManifest.xml:34:5-35:23
	android:name
		ADDED from edcollection/win-android-map/AndroidManifest.xml:34:22-81
uses-permission#android.permission.READ_LOGS
ADDED from edcollection/win-android-map/AndroidManifest.xml:37:5-38:23
	android:name
		ADDED from edcollection/win-android-map/AndroidManifest.xml:37:22-65
application
ADDED from edcollection/win-android-map/AndroidManifest.xml:40:5-69:19
	android:label
		ADDED from edcollection/win-android-map/AndroidManifest.xml:43:9-41
	android:icon
		ADDED from edcollection/win-android-map/AndroidManifest.xml:42:9-45
	android:allowBackup
		ADDED from edcollection/win-android-map/AndroidManifest.xml:41:9-35
	android:theme
		ADDED from edcollection/win-android-map/AndroidManifest.xml:44:9-40
meta-data#com.baidu.lbsapi.API_KEY
ADDED from edcollection/win-android-map/AndroidManifest.xml:45:9-47:64
	android:value
		ADDED from edcollection/win-android-map/AndroidManifest.xml:47:13-61
	android:name
		ADDED from edcollection/win-android-map/AndroidManifest.xml:46:13-52
activity#com.winway.android.map.Activity_Map
ADDED from edcollection/win-android-map/AndroidManifest.xml:49:9-57:20
	android:label
		ADDED from edcollection/win-android-map/AndroidManifest.xml:51:13-45
	android:name
		ADDED from edcollection/win-android-map/AndroidManifest.xml:50:13-41
intent-filter#android.intent.action.MAIN+android.intent.category.LAUNCHER
ADDED from edcollection/win-android-map/AndroidManifest.xml:52:13-56:29
action#android.intent.action.MAIN
ADDED from edcollection/win-android-map/AndroidManifest.xml:53:17-69
	android:name
		ADDED from edcollection/win-android-map/AndroidManifest.xml:53:25-66
category#android.intent.category.LAUNCHER
ADDED from edcollection/win-android-map/AndroidManifest.xml:55:17-77
	android:name
		ADDED from edcollection/win-android-map/AndroidManifest.xml:55:27-74
activity#com.winway.android.map.selectPoint.activity.MapSelectPointActivity
ADDED from edcollection/win-android-map/AndroidManifest.xml:59:9-63:20
	android:screenOrientation
		ADDED from edcollection/win-android-map/AndroidManifest.xml:61:13-49
	android:theme
		ADDED from edcollection/win-android-map/AndroidManifest.xml:62:13-60
	android:name
		ADDED from edcollection/win-android-map/AndroidManifest.xml:60:13-72
service#com.baidu.location.f
ADDED from edcollection/win-android-map/AndroidManifest.xml:65:9-68:41
	android:process
		ADDED from edcollection/win-android-map/AndroidManifest.xml:68:13-38
	android:enabled
		ADDED from edcollection/win-android-map/AndroidManifest.xml:67:13-35
	android:name
		ADDED from edcollection/win-android-map/AndroidManifest.xml:66:13-48